<?xml version="1.0" encoding="UTF-8"?>
<!-- Generated by org.testng.reporters.JUnitReportReporter -->
<testsuite hostname="Nazomhenrypc" failures="0" tests="1" name="testcases.TC_AccountLoginTest_06" time="2.836" errors="0" timestamp="2024-06-06T22:36:43 BST" skipped="0">
  <testcase classname="testcases.TC_AccountLoginTest_06" name="verifymaskedpassword" time="2.836"/>
  <system-out/>
</testsuite> <!-- testcases.TC_AccountLoginTest_06 -->
