<?xml version="1.0" encoding="UTF-8"?>
<!-- Generated by org.testng.reporters.JUnitReportReporter -->
<testsuite hostname="Nazomhenrypc" failures="0" tests="1" name="testcases.TC_ShopFilterPrice_01" time="5.615" errors="0" timestamp="2024-06-09T14:03:17 BST" skipped="0">
  <testcase classname="testcases.TC_ShopFilterPrice_01" name="verify_price_filter_functionality" time="5.615"/>
  <system-out/>
</testsuite> <!-- testcases.TC_ShopFilterPrice_01 -->
