<?xml version="1.0" encoding="UTF-8"?>
<!-- Generated by org.testng.reporters.JUnitReportReporter -->
<testsuite hostname="Nazomhenrypc" failures="0" tests="1" name="testcases.TC_AccountRegistrationTest_02" time="3.828" errors="0" timestamp="2024-06-06T00:14:48 BST" skipped="0">
  <testcase classname="testcases.TC_AccountRegistrationTest_02" name="verify_account_reg_with_invalid_email_id" time="3.828"/>
  <system-out/>
</testsuite> <!-- testcases.TC_AccountRegistrationTest_02 -->
