<?xml version="1.0" encoding="UTF-8"?>
<!-- Generated by org.testng.reporters.JUnitReportReporter -->
<testsuite hostname="Nazomhenrypc" failures="0" tests="1" name="testcases.TC_ShopViewBasketTaxFuctionality_12a" time="9.449" errors="0" timestamp="2024-06-09T14:55:51 BST" skipped="0">
  <testcase classname="testcases.TC_ShopViewBasketTaxFuctionality_12a" name="verify_tax_rate_for_other_country" time="9.449"/>
  <system-out/>
</testsuite> <!-- testcases.TC_ShopViewBasketTaxFuctionality_12a -->
