<?xml version="1.0" encoding="UTF-8"?>
<!-- Generated by org.testng.reporters.JUnitReportReporter -->
<testsuite hostname="Nazomhenrypc" failures="0" tests="1" name="testcases.TC_HomePageArrivalsImageReviews_05" time="14.897" errors="0" timestamp="2024-06-01T23:49:11 BST" skipped="0">
  <testcase classname="testcases.TC_HomePageArrivalsImageReviews_05" name="verify_homepage_arrivals_image_reviews" time="14.897"/>
  <system-out/>
</testsuite> <!-- testcases.TC_HomePageArrivalsImageReviews_05 -->
