<?xml version="1.0" encoding="UTF-8"?>
<!-- Generated by org.testng.reporters.JUnitReportReporter -->
<testsuite hostname="Nazomhenrypc" failures="0" tests="1" name="testcases.TC_HomePageArrivalsImageAddToBasketWithPrice_06" time="7.874" errors="0" timestamp="2024-06-02T00:11:46 BST" skipped="0">
  <testcase classname="testcases.TC_HomePageArrivalsImageAddToBasketWithPrice_06" name="verify_image_addtobasket_with_price" time="7.874"/>
  <system-out/>
</testsuite> <!-- testcases.TC_HomePageArrivalsImageAddToBasketWithPrice_06 -->
