<?xml version="1.0" encoding="UTF-8"?>
<!-- Generated by org.testng.reporters.JUnitReportReporter -->
<testsuite hostname="Nazomhenrypc" failures="0" tests="1" name="testcases.TC_AccountLoginTest_07" time="4.106" errors="0" timestamp="2024-06-06T22:42:17 BST" skipped="0">
  <testcase classname="testcases.TC_AccountLoginTest_07" name="verify_login_case_sensitivity" time="4.106"/>
  <system-out/>
</testsuite> <!-- testcases.TC_AccountLoginTest_07 -->
