<?xml version="1.0" encoding="UTF-8"?>
<!-- Generated by org.testng.reporters.JUnitReportReporter -->
<testsuite hostname="Nazomhenrypc" failures="0" tests="1" name="testcases.TC_HomeArrivalAddMoreItem_12" time="10.141" errors="0" timestamp="2024-06-02T20:41:12 BST" skipped="0">
  <testcase classname="testcases.TC_HomeArrivalAddMoreItem_12" name="verify_adding_more_item_and_update_the_basket" time="10.141"/>
  <system-out/>
</testsuite> <!-- testcases.TC_HomeArrivalAddMoreItem_12 -->
