<?xml version="1.0" encoding="UTF-8"?>
<!-- Generated by org.testng.reporters.JUnitReportReporter -->
<testsuite hostname="Nazomhenrypc" failures="0" tests="1" name="testcases.TC_ShopSalesFunctionality_09" time="9.326" errors="0" timestamp="2024-06-09T14:20:22 BST" skipped="0">
  <testcase classname="testcases.TC_ShopSalesFunctionality_09" name="verify_sales_product" time="9.326"/>
  <system-out/>
</testsuite> <!-- testcases.TC_ShopSalesFunctionality_09 -->
