<?xml version="1.0" encoding="UTF-8"?>
<!-- Generated by org.testng.reporters.JUnitReportReporter -->
<testsuite hostname="Nazomhenrypc" failures="0" tests="1" name="testcases.TC_HomePageArrivalsImageDescription_04" time="11.118" errors="0" timestamp="2024-06-01T23:44:13 BST" skipped="0">
  <testcase classname="testcases.TC_HomePageArrivalsImageDescription_04" name="verify_homepage_arrivals_image_description" time="11.118"/>
  <system-out/>
</testsuite> <!-- testcases.TC_HomePageArrivalsImageDescription_04 -->
