<?xml version="1.0" encoding="UTF-8"?>
<!-- Generated by org.testng.reporters.JUnitReportReporter -->
<testsuite hostname="Nazomhenrypc" failures="0" tests="1" name="testcases.TC_AccountRegistrationTest_01" time="5.685" errors="0" timestamp="2024-06-05T22:15:54 BST" skipped="0">
  <testcase classname="testcases.TC_AccountRegistrationTest_01" name="verify_account_reg_with_valid_credentials" time="5.685"/>
  <system-out/>
</testsuite> <!-- testcases.TC_AccountRegistrationTest_01 -->
