<?xml version="1.0" encoding="UTF-8"?>
<!-- Generated by org.testng.reporters.JUnitReportReporter -->
<testsuite hostname="Nazomhenrypc" failures="0" tests="1" name="testcases.TC_HomeArrivalsCouponLessthan450rps_10" time="11.665" errors="0" timestamp="2024-06-02T20:17:24 BST" skipped="0">
  <testcase classname="testcases.TC_HomeArrivalsCouponLessthan450rps_10" name="verify_coupon_not_applicable_to_book_price_lessthan_450rps" time="11.665"/>
  <system-out/>
</testsuite> <!-- testcases.TC_HomeArrivalsCouponLessthan450rps_10 -->
