<?xml version="1.0" encoding="UTF-8"?>
<!-- Generated by org.testng.reporters.JUnitReportReporter -->
<testsuite hostname="Nazomhenrypc" failures="0" tests="4" name="testcases.TC_AccountLoginDDT" time="13.441" errors="0" timestamp="2024-06-06T22:32:31 BST" skipped="0">
  <testcase classname="testcases.TC_AccountLoginDDT" name="verify_loginDDT" time="3.686"/>
  <system-out/>
  <testcase classname="testcases.TC_AccountLoginDDT" name="verify_loginDDT" time="3.492"/>
  <system-out/>
  <testcase classname="testcases.TC_AccountLoginDDT" name="verify_loginDDT" time="3.096"/>
  <system-out/>
  <testcase classname="testcases.TC_AccountLoginDDT" name="verify_loginDDT" time="3.167"/>
  <system-out/>
</testsuite> <!-- testcases.TC_AccountLoginDDT -->
