<?xml version="1.0" encoding="UTF-8"?>
<!-- Generated by org.testng.reporters.JUnitReportReporter -->
<testsuite hostname="Nazomhenrypc" failures="0" tests="1" name="testcases.TC_HomePageArrivalsImageNavigationTest_03" time="5.672" errors="0" timestamp="2024-06-01T23:39:20 BST" skipped="0">
  <testcase classname="testcases.TC_HomePageArrivalsImageNavigationTest_03" name="verify_homepage_arrivals_imagenavigation" time="5.672"/>
  <system-out/>
</testsuite> <!-- testcases.TC_HomePageArrivalsImageNavigationTest_03 -->
