<?xml version="1.0" encoding="UTF-8"?>
<!-- Generated by org.testng.reporters.JUnitReportReporter -->
<testsuite hostname="Nazomhenrypc" failures="0" tests="1" name="testcases.TC_HomeArrivalCheckout_08" time="12.887" errors="0" timestamp="2024-06-02T17:08:16 BST" skipped="0">
  <testcase classname="testcases.TC_HomeArrivalCheckout_08" name="verify_checkout_page" time="12.887"/>
  <system-out/>
</testsuite> <!-- testcases.TC_HomeArrivalCheckout_08 -->
