<?xml version="1.0" encoding="UTF-8"?>
<!-- Generated by org.testng.reporters.JUnitReportReporter -->
<testsuite hostname="Nazomhenrypc" failures="0" tests="1" name="testcases.TC_AccountRegistration_01" time="5.978" errors="0" timestamp="2024-04-27T23:21:03 BST" skipped="0">
  <testcase classname="testcases.TC_AccountRegistration_01" name="verify_account_reg_with_valid_credentials" time="5.978"/>
  <system-out/>
</testsuite> <!-- testcases.TC_AccountRegistration_01 -->
