<?xml version="1.0" encoding="UTF-8"?>
<!-- Generated by org.testng.reporters.JUnitReportReporter -->
<testsuite hostname="Nazomhenrypc" failures="0" tests="1" name="testcases.TC_AccountRegistrationTest_03" time="3.554" errors="0" timestamp="2024-06-06T00:19:58 BST" skipped="0">
  <testcase classname="testcases.TC_AccountRegistrationTest_03" name="verify_account_reg_with_empty_email_id" time="3.554"/>
  <system-out/>
</testsuite> <!-- testcases.TC_AccountRegistrationTest_03 -->
