<?xml version="1.0" encoding="UTF-8"?>
<!-- Generated by org.testng.reporters.JUnitReportReporter -->
<testsuite hostname="Nazomhenrypc" failures="0" tests="1" name="testcases.TC_ShopViewBasketTaxFuctionality_12b" time="8.174" errors="0" timestamp="2024-06-09T15:00:05 BST" skipped="0">
  <testcase classname="testcases.TC_ShopViewBasketTaxFuctionality_12b" name="verify_tax_rate_for_india" time="8.174"/>
  <system-out/>
</testsuite> <!-- testcases.TC_ShopViewBasketTaxFuctionality_12b -->
