<?xml version="1.0" encoding="UTF-8"?>
<!-- Generated by org.testng.reporters.JUnitReportReporter -->
<testsuite hostname="Nazomhenrypc" failures="0" tests="1" name="testcases.TC_HomePageSlidersTest_01" time="4.966" errors="0" timestamp="2024-06-01T23:33:36 BST" skipped="0">
  <testcase classname="testcases.TC_HomePageSlidersTest_01" name="verify_homepage_with_three_sliders" time="4.966"/>
  <system-out/>
</testsuite> <!-- testcases.TC_HomePageSlidersTest_01 -->
