<?xml version="1.0" encoding="UTF-8"?>
<!-- Generated by org.testng.reporters.JUnitReportReporter -->
<testsuite hostname="Nazomhenrypc" failures="0" tests="1" name="testcases.TC_HomeArrivalsItemRemoval_11" time="11.262" errors="0" timestamp="2024-06-02T20:27:09 BST" skipped="0">
  <testcase classname="testcases.TC_HomeArrivalsItemRemoval_11" name="verify_removal_of_item_from_basket" time="11.262"/>
  <system-out/>
</testsuite> <!-- testcases.TC_HomeArrivalsItemRemoval_11 -->
