<?xml version="1.0" encoding="UTF-8"?>
<!-- Generated by org.testng.reporters.JUnitReportReporter -->
<testsuite hostname="Nazomhenrypc" failures="0" tests="4" name="testcases.TC_LoginDDT" time="10.787" errors="0" timestamp="2024-05-02T00:35:36 BST" skipped="0">
  <testcase classname="testcases.TC_LoginDDT" name="verify_loginDDT" time="2.604"/>
  <system-out/>
  <testcase classname="testcases.TC_LoginDDT" name="verify_loginDDT" time="2.671"/>
  <system-out/>
  <testcase classname="testcases.TC_LoginDDT" name="verify_loginDDT" time="3.090"/>
  <system-out/>
  <testcase classname="testcases.TC_LoginDDT" name="verify_loginDDT" time="2.422"/>
  <system-out/>
</testsuite> <!-- testcases.TC_LoginDDT -->
