<?xml version="1.0" encoding="UTF-8"?>
<!-- Generated by org.testng.reporters.JUnitReportReporter -->
<testsuite hostname="Nazomhenrypc" failures="0" tests="1" name="testcases.TC_HomeArrivalPlaceOrder_18" time="24.291" errors="0" timestamp="2024-06-04T23:27:48 BST" skipped="0">
  <testcase classname="testcases.TC_HomeArrivalPlaceOrder_18" name="verify_place_order_button" time="24.291"/>
  <system-out/>
</testsuite> <!-- testcases.TC_HomeArrivalPlaceOrder_18 -->
