<?xml version="1.0" encoding="UTF-8"?>
<!-- Generated by org.testng.reporters.JUnitReportReporter -->
<testsuite hostname="Nazomhenrypc" failures="0" tests="1" name="testcases.TC_MyAccountLogout_08" time="8.820" errors="0" timestamp="2024-06-09T22:40:16 BST" skipped="0">
  <testcase classname="testcases.TC_MyAccountLogout_08" name="verify_account_logout" time="8.820"/>
  <system-out/>
</testsuite> <!-- testcases.TC_MyAccountLogout_08 -->
