<?xml version="1.0" encoding="UTF-8"?>
<!-- Generated by org.testng.reporters.JUnitReportReporter -->
<testsuite hostname="Nazomhenrypc" failures="0" tests="1" name="testcases.TC_AccountRegistrationTest_04" time="3.733" errors="0" timestamp="2024-06-06T00:21:46 BST" skipped="0">
  <testcase classname="testcases.TC_AccountRegistrationTest_04" name="verify_account_reg_with_empty_password" time="3.733"/>
  <system-out/>
</testsuite> <!-- testcases.TC_AccountRegistrationTest_04 -->
