<?xml version="1.0" encoding="UTF-8"?>
<!-- Generated by org.testng.reporters.JUnitReportReporter -->
<testsuite hostname="Nazomhenrypc" failures="0" tests="1" name="testcases.TC_MyAccountOrders_04" time="8.329" errors="0" timestamp="2024-06-09T21:29:17 BST" skipped="0">
  <testcase classname="testcases.TC_MyAccountOrders_04" name="verify_order_number" time="8.329"/>
  <system-out/>
</testsuite> <!-- testcases.TC_MyAccountOrders_04 -->
