<?xml version="1.0" encoding="UTF-8"?>
<!-- Generated by org.testng.reporters.JUnitReportReporter -->
<testsuite hostname="Nazomhenrypc" failures="0" tests="1" name="testcases.TC_MyAccountOrders_02" time="7.579" errors="0" timestamp="2024-06-09T21:22:11 BST" skipped="0">
  <testcase classname="testcases.TC_MyAccountOrders_02" name="verify_orders" time="7.579"/>
  <system-out/>
</testsuite> <!-- testcases.TC_MyAccountOrders_02 -->
