<?xml version="1.0" encoding="UTF-8"?>
<!-- Generated by org.testng.reporters.JUnitReportReporter -->
<testsuite hostname="Nazomhenrypc" failures="0" tests="1" name="testcases.TC_ShopProductCategories_02" time="8.360" errors="0" timestamp="2024-06-09T13:55:09 BST" skipped="0">
  <testcase classname="testcases.TC_ShopProductCategories_02" name="verify_product_categories_functionality" time="8.360"/>
  <system-out/>
</testsuite> <!-- testcases.TC_ShopProductCategories_02 -->
