<?xml version="1.0" encoding="UTF-8"?>
<!-- Generated by org.testng.reporters.JUnitReportReporter -->
<testsuite hostname="Nazomhenrypc" failures="0" tests="1" name="testcases.TC_ShopViewBasketViaItemLink_11" time="12.640" errors="0" timestamp="2024-06-09T14:44:51 BST" skipped="0">
  <testcase classname="testcases.TC_ShopViewBasketViaItemLink_11" name="verify_viewbasket_through_item_link" time="12.640"/>
  <system-out/>
</testsuite> <!-- testcases.TC_ShopViewBasketViaItemLink_11 -->
