<?xml version="1.0" encoding="UTF-8"?>
<!-- Generated by org.testng.reporters.JUnitReportReporter -->
<testsuite hostname="Nazomhenrypc" failures="0" tests="1" name="testcases.TC_MyAccountAddress_06" time="10.742" errors="0" timestamp="2024-06-09T21:37:14 BST" skipped="0">
  <testcase classname="testcases.TC_MyAccountAddress_06" name="verify_editing_of_shipping_address" time="10.742"/>
  <system-out/>
</testsuite> <!-- testcases.TC_MyAccountAddress_06 -->
