<?xml version="1.0" encoding="UTF-8"?>
<!-- Generated by org.testng.reporters.JUnitReportReporter -->
<testsuite hostname="Nazomhenrypc" failures="0" tests="1" name="testcases.TC_AccountRegistrationTest_05" time="3.849" errors="0" timestamp="2024-06-06T00:12:03 BST" skipped="0">
  <testcase classname="testcases.TC_AccountRegistrationTest_05" name="verify_account_reg_with_empty_email_id_and_password" time="3.849"/>
  <system-out/>
</testsuite> <!-- testcases.TC_AccountRegistrationTest_05 -->
