<?xml version="1.0" encoding="UTF-8"?>
<!-- Generated by org.testng.reporters.JUnitReportReporter -->
<testsuite hostname="Nazomhenrypc" failures="0" tests="1" name="testcases.TC_MyAccountOrders_03" time="10.301" errors="0" timestamp="2024-06-09T21:26:37 BST" skipped="0">
  <testcase classname="testcases.TC_MyAccountOrders_03" name="verify_order_details" time="10.301"/>
  <system-out/>
</testsuite> <!-- testcases.TC_MyAccountOrders_03 -->
