<?xml version="1.0" encoding="UTF-8"?>
<!-- Generated by org.testng.reporters.JUnitReportReporter -->
<testsuite hostname="Nazomhenrypc" failures="0" tests="1" name="testcases.TC_HomeArrivalCheckoutFunctionality_16" time="11.762" errors="0" timestamp="2024-06-04T23:05:06 BST" skipped="0">
  <testcase classname="testcases.TC_HomeArrivalCheckoutFunctionality_16" name="verify_checkout_functionality" time="11.762"/>
  <system-out/>
</testsuite> <!-- testcases.TC_HomeArrivalCheckoutFunctionality_16 -->
