<?xml version="1.0" encoding="UTF-8"?>
<!-- Generated by org.testng.reporters.JUnitReportReporter -->
<testsuite hostname="Nazomhenrypc" failures="0" tests="1" name="testcases.TC_MyAccount_AccountDetails_07" time="9.787" errors="0" timestamp="2024-06-09T22:11:03 BST" skipped="0">
  <testcase classname="testcases.TC_MyAccount_AccountDetails_07" name="verify_password_change" time="9.787"/>
  <system-out/>
</testsuite> <!-- testcases.TC_MyAccount_AccountDetails_07 -->
