<?xml version="1.0" encoding="UTF-8"?>
<!-- Generated by org.testng.reporters.JUnitReportReporter -->
<testsuite hostname="Nazomhenrypc" failures="0" tests="1" name="testcases.TC_HomeArrivalBillingDetails_17" time="15.854" errors="0" timestamp="2024-06-04T23:18:03 BST" skipped="0">
  <testcase classname="testcases.TC_HomeArrivalBillingDetails_17" name="verify_billing_details_form_and_payment_method" time="15.854"/>
  <system-out/>
</testsuite> <!-- testcases.TC_HomeArrivalBillingDetails_17 -->
