<?xml version="1.0" encoding="UTF-8"?>
<!-- Generated by org.testng.reporters.JUnitReportReporter -->
<testsuite hostname="Nazomhenrypc" failures="0" tests="1" name="testcases.TC_HomePageArrivalsTest_02" time="4.459" errors="0" timestamp="2024-06-01T23:33:36 BST" skipped="0">
  <testcase classname="testcases.TC_HomePageArrivalsTest_02" name="verify_homepage_with_three_arrivals" time="4.459"/>
  <system-out/>
</testsuite> <!-- testcases.TC_HomePageArrivalsTest_02 -->
