<?xml version="1.0" encoding="UTF-8"?>
<!-- Generated by org.testng.reporters.JUnitReportReporter -->
<testsuite hostname="Nazomhenrypc" failures="0" tests="1" name="testcases.TC_MyAccountAddress_05" time="7.202" errors="0" timestamp="2024-06-09T21:32:43 BST" skipped="0">
  <testcase classname="testcases.TC_MyAccountAddress_05" name="verify_billing_and_shipping_address" time="7.202"/>
  <system-out/>
</testsuite> <!-- testcases.TC_MyAccountAddress_05 -->
