<?xml version="1.0" encoding="UTF-8"?>
<!-- Generated by org.testng.reporters.JUnitReportReporter -->
<testsuite hostname="Nazomhenrypc" failures="0" tests="1" name="testcases.TC_AccountLoginTest_01" time="9.957" errors="0" timestamp="2024-06-06T22:24:29 BST" skipped="0">
  <testcase classname="testcases.TC_AccountLoginTest_01" name="verify_account_login_with_credentials" time="9.957"/>
  <system-out/>
</testsuite> <!-- testcases.TC_AccountLoginTest_01 -->
