<?xml version="1.0" encoding="UTF-8"?>
<!-- Generated by org.testng.reporters.JUnitReportReporter -->
<testsuite hostname="Nazomhenrypc" failures="0" tests="1" name="testcases.TC_HomeArrivalCheckTotalAndSubtotalValues_15" time="9.903" errors="0" timestamp="2024-06-04T23:00:34 BST" skipped="0">
  <testcase classname="testcases.TC_HomeArrivalCheckTotalAndSubtotalValues_15" name="verify_total_and_subtotal_values" time="9.903"/>
  <system-out/>
</testsuite> <!-- testcases.TC_HomeArrivalCheckTotalAndSubtotalValues_15 -->
