<?xml version="1.0" encoding="UTF-8"?>
<!-- Generated by org.testng.reporters.JUnitReportReporter -->
<testsuite hostname="Nazomhenrypc" failures="0" tests="1" name="testcases.TC_ShopDefaultSorting_03" time="4.731" errors="0" timestamp="2024-06-09T14:00:42 BST" skipped="0">
  <testcase classname="testcases.TC_ShopDefaultSorting_03" name="verify_sorting_by_popularity" time="4.731"/>
  <system-out/>
</testsuite> <!-- testcases.TC_ShopDefaultSorting_03 -->
