<?xml version="1.0" encoding="UTF-8"?>
<!-- Generated by org.testng.reporters.JUnitReportReporter -->
<testsuite hostname="Nazomhenrypc" failures="0" tests="1" name="testcases.TC_ShopDefaultSorting_05" time="6.111" errors="0" timestamp="2024-06-09T14:08:51 BST" skipped="0">
  <testcase classname="testcases.TC_ShopDefaultSorting_05" name="verify_sorting_by_newness_rating" time="6.111"/>
  <system-out/>
</testsuite> <!-- testcases.TC_ShopDefaultSorting_05 -->
