<?xml version="1.0" encoding="UTF-8"?>
<!-- Generated by org.testng.reporters.JUnitReportReporter -->
<testsuite hostname="Nazomhenrypc" failures="0" tests="1" name="testcases.TC_ShopViewBasketFunctionality_10" time="15.072" errors="0" timestamp="2024-06-09T14:32:59 BST" skipped="0">
  <testcase classname="testcases.TC_ShopViewBasketFunctionality_10" name="verify_view_basket_functionality" time="15.072"/>
  <system-out/>
</testsuite> <!-- testcases.TC_ShopViewBasketFunctionality_10 -->
