<?xml version="1.0" encoding="UTF-8"?>
<!-- Generated by org.testng.reporters.JUnitReportReporter -->
<testsuite hostname="Nazomhenrypc" failures="0" tests="1" name="testcases.TC_HomeArrivalCheckTotalPrice_13" time="9.008" errors="0" timestamp="2024-06-02T22:33:55 BST" skipped="0">
  <testcase classname="testcases.TC_HomeArrivalCheckTotalPrice_13" name="verify_total_book_price" time="9.008"/>
  <system-out/>
</testsuite> <!-- testcases.TC_HomeArrivalCheckTotalPrice_13 -->
