<?xml version="1.0" encoding="UTF-8"?>
<!-- Generated by org.testng.reporters.JUnitReportReporter -->
<testsuite hostname="Nazomhenrypc" failures="0" tests="1" name="testcases.TC_AccountLoginTest_08" time="8.372" errors="0" timestamp="2024-06-09T13:41:53 BST" skipped="0">
  <testcase classname="testcases.TC_AccountLoginTest_08" name="verify_login_authentication" time="8.372"/>
  <system-out/>
</testsuite> <!-- testcases.TC_AccountLoginTest_08 -->
