<?xml version="1.0" encoding="UTF-8"?>
<!-- Generated by org.testng.reporters.JUnitReportReporter -->
<testsuite hostname="Nazomhenrypc" failures="0" tests="1" name="testcases.TC_MyAccountDashboard_01" time="5.997" errors="0" timestamp="2024-06-09T21:08:35 BST" skipped="0">
  <testcase classname="testcases.TC_MyAccountDashboard_01" name="verify_myaccount_dashboard" time="5.997"/>
  <system-out/>
</testsuite> <!-- testcases.TC_MyAccountDashboard_01 -->
